
> react-kavia@0.1.0 start
> react-scripts start

(node:1261) [DEP_WEBPACK_DEV_SERVER_ON_AFTER_SETUP_MIDDLEWARE] DeprecationWarning: 'onAfterSetupMiddleware' option is deprecated. Please use the 'setupMiddlewares' option.
(Use `node --trace-deprecation ...` to show where the warning was created)
(node:1261) [DEP_WEBPACK_DEV_SERVER_ON_BEFORE_SETUP_MIDDLEWARE] DeprecationWarning: 'onBeforeSetupMiddleware' option is deprecated. Please use the 'setupMiddlewares' option.
Starting the development server...

Compiled with warnings.

[eslint] 
src/components/GameContainer.js
  Line 1:27:   'useEffect' is defined but never used             no-unused-vars
  Line 23:20:  'setVehicles' is assigned a value but never used  no-unused-vars

Search for the keywords to learn more about each warning.
To ignore, add // eslint-disable-next-line to the line before.

WARNING in [eslint] 
src/components/GameContainer.js
  Line 1:27:   'useEffect' is defined but never used             no-unused-vars
  Line 23:20:  'setVehicles' is assigned a value but never used  no-unused-vars

webpack compiled with 1 warning
Compiling...
Compiled with warnings.

[eslint] 
src/components/GameContainer.js
  Line 61:6:   React Hook useEffect has a missing dependency: 'handleKeyDown'. Either include it or remove the dependency array  react-hooks/exhaustive-deps
  Line 64:20:  'setVehicles' is assigned a value but never used                                                                  no-unused-vars

Search for the keywords to learn more about each warning.
To ignore, add // eslint-disable-next-line to the line before.

WARNING in [eslint] 
src/components/GameContainer.js
  Line 61:6:   React Hook useEffect has a missing dependency: 'handleKeyDown'. Either include it or remove the dependency array  react-hooks/exhaustive-deps
  Line 64:20:  'setVehicles' is assigned a value but never used                                                                  no-unused-vars

webpack compiled with 1 warning
Compiling...
Compiled with warnings.

[eslint] 
src/components/GameContainer.js
  Line 61:6:   React Hook useEffect has a missing dependency: 'handleKeyDown'. Either include it or remove the dependency array  react-hooks/exhaustive-deps
  Line 64:20:  'setVehicles' is assigned a value but never used                                                                  no-unused-vars

Search for the keywords to learn more about each warning.
To ignore, add // eslint-disable-next-line to the line before.

WARNING in [eslint] 
src/components/GameContainer.js
  Line 61:6:   React Hook useEffect has a missing dependency: 'handleKeyDown'. Either include it or remove the dependency array  react-hooks/exhaustive-deps
  Line 64:20:  'setVehicles' is assigned a value but never used                                                                  no-unused-vars

webpack compiled with 1 warning
